Base path: C:/Program Files/Unity/Editor/Data
Cmd: getPlatforms
Cmd: preprocess
  insize=9667 outsize=1870 ok=1
Cmd: preprocess
  insize=11459 outsize=691 ok=1
Cmd: preprocess
  insize=1546 outsize=547 ok=1
Cmd: preprocess
  insize=435 outsize=435 ok=1
Cmd: preprocess
  insize=1615 outsize=1855 ok=1
Cmd: preprocess
  insize=1291 outsize=455 ok=1
Cmd: preprocess
  insize=11729 outsize=762 ok=1
Cmd: preprocess
  insize=1849 outsize=406 ok=1
Cmd: preprocess
  insize=1071 outsize=404 ok=1
Cmd: preprocess
  insize=1136 outsize=362 ok=1
Cmd: preprocess
  insize=2050 outsize=434 ok=1
Cmd: preprocess
  insize=1541 outsize=461 ok=1
Cmd: preprocess
  insize=4167 outsize=663 ok=1
Cmd: preprocess
  insize=1454 outsize=1799 ok=1
Cmd: preprocess
  insize=1376 outsize=458 ok=1
Cmd: preprocess
  insize=7001 outsize=751 ok=1
Cmd: preprocess
  insize=1447 outsize=362 ok=1
Cmd: preprocess
  insize=1044 outsize=939 ok=1
Cmd: preprocess
  insize=3113 outsize=748 ok=1
Cmd: preprocess
  insize=1025 outsize=349 ok=1
Cmd: preprocess
  insize=1664 outsize=441 ok=1
Cmd: preprocess
  insize=1460 outsize=294 ok=1
Cmd: preprocess
  insize=2005 outsize=321 ok=1
Cmd: preprocess
  insize=1558 outsize=402 ok=1
Cmd: preprocess
  insize=1479 outsize=376 ok=1
Cmd: preprocess
  insize=2477 outsize=702 ok=1
Cmd: preprocess
  insize=1104 outsize=323 ok=1
Cmd: preprocess
  insize=701 outsize=270 ok=1
Cmd: preprocess
  insize=6695 outsize=929 ok=1
Cmd: preprocess
  insize=33774 outsize=324 ok=1
Cmd: preprocess
  insize=1349 outsize=314 ok=1
Cmd: preprocess
  insize=4766 outsize=525 ok=1
Cmd: preprocess
  insize=1135 outsize=322 ok=1
Cmd: preprocess
  insize=6134 outsize=1592 ok=1
Cmd: preprocess
  insize=13994 outsize=1813 ok=1
Cmd: preprocess
  insize=1169 outsize=407 ok=1
Cmd: preprocess
  insize=6525 outsize=700 ok=1
Cmd: preprocess
  insize=3055 outsize=731 ok=1
Cmd: preprocess
  insize=12256 outsize=2576 ok=1
Cmd: preprocess
  insize=3010 outsize=1261 ok=1
Cmd: preprocess
  insize=14430 outsize=2141 ok=1
Cmd: preprocess
  insize=2091 outsize=486 ok=1
Cmd: preprocess
  insize=1723 outsize=724 ok=1
Cmd: preprocess
  insize=2099 outsize=349 ok=1
Cmd: preprocess
  insize=27159 outsize=3684 ok=1
Cmd: preprocess
  insize=4245 outsize=552 ok=1
Cmd: preprocess
  insize=2312 outsize=352 ok=1
Cmd: preprocess
  insize=1316 outsize=409 ok=1
Cmd: preprocess
  insize=1336 outsize=485 ok=1
Cmd: preprocess
  insize=737 outsize=217 ok=1
Cmd: preprocess
  insize=6188 outsize=820 ok=1
Cmd: preprocess
  insize=6375 outsize=704 ok=1
Cmd: preprocess
  insize=584 outsize=309 ok=1
Cmd: preprocess
  insize=8990 outsize=985 ok=1
Cmd: preprocess
  insize=1608 outsize=582 ok=1
Cmd: preprocess
  insize=33783 outsize=324 ok=1
Cmd: preprocess
  insize=5544 outsize=1822 ok=1
Cmd: preprocess
  insize=7211 outsize=305 ok=1
Cmd: preprocess
  insize=5733 outsize=466 ok=1
Cmd: preprocess
  insize=5631 outsize=859 ok=1
Cmd: preprocess
  insize=1458 outsize=458 ok=1
Cmd: preprocess
  insize=6239 outsize=1243 ok=1
Cmd: preprocess
  insize=855 outsize=358 ok=1
Cmd: preprocess
  insize=720 outsize=267 ok=1
Cmd: preprocess
  insize=4583 outsize=623 ok=1
Cmd: preprocess
  insize=1000 outsize=348 ok=1
Cmd: preprocess
  insize=1613 outsize=345 ok=1
Cmd: preprocess
  insize=2219 outsize=1023 ok=1
Cmd: preprocess
  insize=5469 outsize=730 ok=1
Cmd: preprocess
  insize=1222 outsize=548 ok=1
Cmd: preprocess
  insize=1295 outsize=440 ok=1
Cmd: preprocess
  insize=638 outsize=313 ok=1
Cmd: preprocess
  insize=852 outsize=366 ok=1
Cmd: preprocess
  insize=5733 outsize=847 ok=1
Cmd: compileSnippet
  error: 2 plat 4 at (20): failed to open source file: 'UnityShaderUtilities.cginc'\nCompiling Vertex program
Platform defines: UNITY_NO_SCREENSPACE_SHADOWS UNITY_ENABLE_REFLECTION_BUFFERS UNITY_PBS_USE_BRDF2 SHADER_API_DESKTOP UNITY_HARDWARE_TIER3 UNITY_COLORSPACE_GAMMA
  api=4 type=0 insize=1345 outsize=0 kw= pd=UNITY_NO_SCREENSPACE_SHADOWS UNITY_ENABLE_REFLECTION_BUFFERS UNITY_PBS_USE_BRDF2 SHADER_API_DESKTOP UNITY_HARDWARE_TIER3 UNITY_COLORSPACE_GAMMA ok=0
Cmd: compileSnippet
  error: 2 plat 4 at (20): failed to open source file: 'UnityShaderUtilities.cginc'\nCompiling Fragment program
Platform defines: UNITY_NO_SCREENSPACE_SHADOWS UNITY_ENABLE_REFLECTION_BUFFERS UNITY_PBS_USE_BRDF2 SHADER_API_DESKTOP UNITY_HARDWARE_TIER3 UNITY_COLORSPACE_GAMMA
  api=4 type=1 insize=1345 outsize=0 kw= pd=UNITY_NO_SCREENSPACE_SHADOWS UNITY_ENABLE_REFLECTION_BUFFERS UNITY_PBS_USE_BRDF2 SHADER_API_DESKTOP UNITY_HARDWARE_TIER3 UNITY_COLORSPACE_GAMMA ok=0
Cmd: compileSnippet
  error: 2 plat 4 at (32): failed to open source file: 'UnityShaderUtilities.cginc'\nCompiling Vertex program with DIRECTIONAL INSTANCING_ON
Platform defines: UNITY_NO_SCREENSPACE_SHADOWS UNITY_ENABLE_REFLECTION_BUFFERS UNITY_PBS_USE_BRDF2 SHADER_API_DESKTOP UNITY_HARDWARE_TIER3 UNITY_COLORSPACE_GAMMA
  api=4 type=0 insize=14544 outsize=0 kw=DIRECTIONAL INSTANCING_ON pd=UNITY_NO_SCREENSPACE_SHADOWS UNITY_ENABLE_REFLECTION_BUFFERS UNITY_PBS_USE_BRDF2 SHADER_API_DESKTOP UNITY_HARDWARE_TIER3 UNITY_COLORSPACE_GAMMA ok=0
Cmd: compileSnippet
  error: 2 plat 4 at (32): failed to open source file: 'UnityShaderUtilities.cginc'\nCompiling Fragment program with DIRECTIONAL INSTANCING_ON
Platform defines: UNITY_NO_SCREENSPACE_SHADOWS UNITY_ENABLE_REFLECTION_BUFFERS UNITY_PBS_USE_BRDF2 SHADER_API_DESKTOP UNITY_HARDWARE_TIER3 UNITY_COLORSPACE_GAMMA
  api=4 type=1 insize=14544 outsize=0 kw=DIRECTIONAL INSTANCING_ON pd=UNITY_NO_SCREENSPACE_SHADOWS UNITY_ENABLE_REFLECTION_BUFFERS UNITY_PBS_USE_BRDF2 SHADER_API_DESKTOP UNITY_HARDWARE_TIER3 UNITY_COLORSPACE_GAMMA ok=0
Cmd: compileSnippet
  error: 2 plat 4 at (248): failed to open source file: 'UnityShaderUtilities.cginc'\nCompiling Vertex program with DIRECTIONAL
Platform defines: UNITY_NO_SCREENSPACE_SHADOWS UNITY_ENABLE_REFLECTION_BUFFERS UNITY_PBS_USE_BRDF2 SHADER_API_DESKTOP UNITY_HARDWARE_TIER3 UNITY_COLORSPACE_GAMMA
  api=4 type=0 insize=4412 outsize=0 kw=DIRECTIONAL pd=UNITY_NO_SCREENSPACE_SHADOWS UNITY_ENABLE_REFLECTION_BUFFERS UNITY_PBS_USE_BRDF2 SHADER_API_DESKTOP UNITY_HARDWARE_TIER3 UNITY_COLORSPACE_GAMMA ok=0
Cmd: compileSnippet
  error: 2 plat 4 at (248): failed to open source file: 'UnityShaderUtilities.cginc'\nCompiling Fragment program with DIRECTIONAL
Platform defines: UNITY_NO_SCREENSPACE_SHADOWS UNITY_ENABLE_REFLECTION_BUFFERS UNITY_PBS_USE_BRDF2 SHADER_API_DESKTOP UNITY_HARDWARE_TIER3 UNITY_COLORSPACE_GAMMA
  api=4 type=1 insize=4412 outsize=0 kw=DIRECTIONAL pd=UNITY_NO_SCREENSPACE_SHADOWS UNITY_ENABLE_REFLECTION_BUFFERS UNITY_PBS_USE_BRDF2 SHADER_API_DESKTOP UNITY_HARDWARE_TIER3 UNITY_COLORSPACE_GAMMA ok=0
Cmd: compileSnippet
  error: 2 plat 4 at (61): failed to open source file: 'UnityShaderUtilities.cginc'\nCompiling Vertex program
Platform defines: UNITY_NO_SCREENSPACE_SHADOWS UNITY_ENABLE_REFLECTION_BUFFERS UNITY_PBS_USE_BRDF2 SHADER_API_DESKTOP UNITY_HARDWARE_TIER3 UNITY_COLORSPACE_GAMMA
  api=4 type=0 insize=1348 outsize=0 kw= pd=UNITY_NO_SCREENSPACE_SHADOWS UNITY_ENABLE_REFLECTION_BUFFERS UNITY_PBS_USE_BRDF2 SHADER_API_DESKTOP UNITY_HARDWARE_TIER3 UNITY_COLORSPACE_GAMMA ok=0
Cmd: compileSnippet
  error: 2 plat 4 at (61): failed to open source file: 'UnityShaderUtilities.cginc'\nCompiling Fragment program
Platform defines: UNITY_NO_SCREENSPACE_SHADOWS UNITY_ENABLE_REFLECTION_BUFFERS UNITY_PBS_USE_BRDF2 SHADER_API_DESKTOP UNITY_HARDWARE_TIER3 UNITY_COLORSPACE_GAMMA
  api=4 type=1 insize=1348 outsize=0 kw= pd=UNITY_NO_SCREENSPACE_SHADOWS UNITY_ENABLE_REFLECTION_BUFFERS UNITY_PBS_USE_BRDF2 SHADER_API_DESKTOP UNITY_HARDWARE_TIER3 UNITY_COLORSPACE_GAMMA ok=0
